#! /usr/bin/vvp
:ivl_version "11.0 (stable)";
:ivl_delay_selection "TYPICAL";
:vpi_time_precision + 0;
:vpi_module "/usr/lib/x86_64-linux-gnu/ivl/system.vpi";
:vpi_module "/usr/lib/x86_64-linux-gnu/ivl/vhdl_sys.vpi";
:vpi_module "/usr/lib/x86_64-linux-gnu/ivl/vhdl_textio.vpi";
:vpi_module "/usr/lib/x86_64-linux-gnu/ivl/v2005_math.vpi";
:vpi_module "/usr/lib/x86_64-linux-gnu/ivl/va_math.vpi";
S_0x560ea788f760 .scope module, "sdm1b" "sdm1b" 2 26;
 .timescale 0 0;
    .port_info 0 /INPUT 1 "clk_fast";
    .port_info 1 /INPUT 1 "rst_n";
    .port_info 2 /INPUT 12 "din";
    .port_info 3 /OUTPUT 12 "error";
    .port_info 4 /OUTPUT 1 "dout";
P_0x560ea788f8f0 .param/l "W" 0 2 27, +C4<00000000000000000000000000001100>;
v0x560ea788f9c0_0 .var "acc_r", 12 0;
o0x7f7a9d002048 .functor BUFZ 1, C4<z>; HiZ drive
v0x560ea78b2ef0_0 .net "clk_fast", 0 0, o0x7f7a9d002048;  0 drivers
o0x7f7a9d002078 .functor BUFZ 12, C4<zzzzzzzzzzzz>; HiZ drive
v0x560ea78b2fb0_0 .net "din", 11 0, o0x7f7a9d002078;  0 drivers
v0x560ea78b30a0_0 .net "dout", 0 0, L_0x560ea78b33f0;  1 drivers
v0x560ea78b3160_0 .net "error", 11 0, L_0x560ea78b34c0;  1 drivers
o0x7f7a9d002108 .functor BUFZ 1, C4<z>; HiZ drive
v0x560ea78b3290_0 .net "rst_n", 0 0, o0x7f7a9d002108;  0 drivers
E_0x560ea78a2190/0 .event negedge, v0x560ea78b3290_0;
E_0x560ea78a2190/1 .event posedge, v0x560ea78b2ef0_0;
E_0x560ea78a2190 .event/or E_0x560ea78a2190/0, E_0x560ea78a2190/1;
L_0x560ea78b33f0 .part v0x560ea788f9c0_0, 12, 1;
L_0x560ea78b34c0 .part v0x560ea788f9c0_0, 0, 12;
    .scope S_0x560ea788f760;
T_0 ;
    %pushi/vec4 0, 0, 13;
    %store/vec4 v0x560ea788f9c0_0, 0, 13;
    %end;
    .thread T_0;
    .scope S_0x560ea788f760;
T_1 ;
    %wait E_0x560ea78a2190;
    %load/vec4 v0x560ea78b3290_0;
    %inv;
    %flag_set/vec4 8;
    %jmp/0xz  T_1.0, 8;
    %pushi/vec4 0, 0, 13;
    %assign/vec4 v0x560ea788f9c0_0, 0;
    %jmp T_1.1;
T_1.0 ;
    %load/vec4 v0x560ea78b2fb0_0;
    %pad/u 13;
    %load/vec4 v0x560ea78b3160_0;
    %pad/u 13;
    %add;
    %assign/vec4 v0x560ea788f9c0_0, 0;
T_1.1 ;
    %jmp T_1;
    .thread T_1;
# The file index is used to find the file name in the following table.
:file_names 3;
    "N/A";
    "<interactive>";
    "/home/andylithia/github/Project-Sakuya/Intel/Quartus/sdm1b.v";
